#
# There is insufficient memory for the Java Runtime Environment to continue.
# Native memory allocation (mmap) failed to map 268435456 bytes for Failed to commit area from 0x0000000701400000 to 0x0000000711400000 of length 268435456.
# Possible reasons:
#   The system is out of physical RAM or swap space
#   The process is running with CompressedOops enabled, and the Java Heap may be blocking the growth of the native heap
# Possible solutions:
#   Reduce memory load on the system
#   Increase physical memory or swap space
#   Check if swap backing store is full
#   Decrease Java heap size (-Xmx/-Xms)
#   Decrease number of Java threads
#   Decrease Java thread stack sizes (-Xss)
#   Set larger code cache with -XX:ReservedCodeCacheSize=
#   JVM is running with Zero Based Compressed Oops mode in which the Java heap is
#     placed in the first 32GB address space. The Java Heap base address is the
#     maximum limit for the native heap growth. Please use -XX:HeapBaseMinAddress
#     to set the Java Heap base and to place the Java Heap above 32GB virtual address.
# This output file may be truncated or incomplete.
#
#  Out of Memory Error (./open/src/hotspot/os/windows/os_windows.cpp:3315), pid=5572, tid=10288
#
# JRE version:  (14.0.1+7) (build )
# Java VM: OpenJDK 64-Bit Server VM (14.0.1+7, mixed mode, sharing, tiered, compressed oops, g1 gc, windows-amd64)
# No core dump will be written. Minidumps are not enabled by default on client versions of Windows
#

---------------  S U M M A R Y ------------

Command Line: -javaagent:D:\Software\IntelliJ IDEA Community Edition 2020.1.2\lib\idea_rt.jar=51397:D:\Software\IntelliJ IDEA Community Edition 2020.1.2\bin -Dfile.encoding=UTF-8 MainMVC

Host: Intel(R) Xeon(R) CPU E5-2665 0 @ 2.40GHz, 16 cores, 15G,  Windows 10 , 64 bit Build 19041 (10.0.19041.804)
Time: Wed Apr 14 13:31:09 2021 Финляндия (лето) elapsed time: 0 seconds (0d 0h 0m 0s)

---------------  T H R E A D  ---------------

Current thread (0x000001fd62e2c000):  JavaThread "Unknown thread" [_thread_in_vm, id=10288, stack(0x000000c132700000,0x000000c132800000)]

Stack: [0x000000c132700000,0x000000c132800000]
Native frames: (J=compiled Java code, j=interpreted, Vv=VM code, C=native code)
V  [jvm.dll+0x5f840a]
V  [jvm.dll+0x741e4a]
V  [jvm.dll+0x7435ff]
V  [jvm.dll+0x743c43]
V  [jvm.dll+0x20d288]
V  [jvm.dll+0x5f57ba]
V  [jvm.dll+0x5ea615]
V  [jvm.dll+0x2c7e9c]
V  [jvm.dll+0x2c7cd2]
V  [jvm.dll+0x2cdbbc]
V  [jvm.dll+0x313ff8]
V  [jvm.dll+0x313720]
V  [jvm.dll+0x2a092a]
V  [jvm.dll+0x2a1a79]
V  [jvm.dll+0x71f718]
V  [jvm.dll+0x321c44]
V  [jvm.dll+0x700b0c]
V  [jvm.dll+0x392dff]
V  [jvm.dll+0x394e71]
C  [jli.dll+0x523b]
C  [ucrtbase.dll+0x21bb2]
C  [KERNEL32.DLL+0x17034]
C  [ntdll.dll+0x52651]


---------------  P R O C E S S  ---------------

Threads class SMR info:
_java_thread_list=0x00007ff8f1bb3078, length=0, elements={
}

Java Threads: ( => current thread )

Other Threads:
  0x000001fd62e94800 GCTaskThread "GC Thread#0" [stack: 0x000000c132800000,0x000000c132900000] [id=4192]
  0x000001fd62eb7800 ConcurrentGCThread "G1 Main Marker" [stack: 0x000000c132900000,0x000000c132a00000] [id=11452]
  0x000001fd62eb8800 ConcurrentGCThread "G1 Conc#0" [stack: 0x000000c132a00000,0x000000c132b00000] [id=6780]

[error occurred during error reporting (printing all threads), id 0xc0000005, EXCEPTION_ACCESS_VIOLATION (0xc0000005) at pc=0x00007ff8f13e1257]

VM state:not at safepoint (not fully initialized)

VM Mutex/Monitor currently owned by a thread:  ([mutex/lock_event])
[0x000001fd62e294b0] Heap_lock - owner thread: 0x000001fd62e2c000

Heap address: 0x0000000701400000, size: 4076 MB, Compressed Oops mode: Zero based, Oop shift amount: 3
Narrow klass base: 0x0000000000000000, Narrow klass shift: 0

GC Heap History (0 events):
No events

Deoptimization events (0 events):
No events

Classes unloaded (0 events):
No events

Classes redefined (0 events):
No events

Internal exceptions (0 events):
No events

Events (2 events):
Event: 0.083 Loaded shared library D:\Software\SDK 14.01\bin\java.dll
Event: 0.083 Loaded shared library D:\Software\SDK 14.01\bin\zip.dll


Dynamic libraries:
0x00007ff73d8c0000 - 0x00007ff73d8cd000 	D:\Software\SDK 14.01\bin\java.exe
0x00007ff920750000 - 0x00007ff920945000 	C:\WINDOWS\SYSTEM32\ntdll.dll
0x00007ff9202a0000 - 0x00007ff92035d000 	C:\WINDOWS\System32\KERNEL32.DLL
0x00007ff91dec0000 - 0x00007ff91e189000 	C:\WINDOWS\System32\KERNELBASE.dll
0x00007ff91e4a0000 - 0x00007ff91e5a0000 	C:\WINDOWS\System32\ucrtbase.dll
0x00007ff91b770000 - 0x00007ff91b788000 	D:\Software\SDK 14.01\bin\jli.dll
0x00007ff91b750000 - 0x00007ff91b765000 	D:\Software\SDK 14.01\bin\VCRUNTIME140.dll
0x00007ff91e9e0000 - 0x00007ff91eb80000 	C:\WINDOWS\System32\USER32.dll
0x00007ff91de90000 - 0x00007ff91deb2000 	C:\WINDOWS\System32\win32u.dll
0x00007ff909500000 - 0x00007ff90979a000 	C:\WINDOWS\WinSxS\amd64_microsoft.windows.common-controls_6595b64144ccf1df_6.0.19041.844_none_ca00b6081b84eb1d\COMCTL32.dll
0x00007ff9206e0000 - 0x00007ff92070a000 	C:\WINDOWS\System32\GDI32.dll
0x00007ff91f760000 - 0x00007ff91f7fe000 	C:\WINDOWS\System32\msvcrt.dll
0x00007ff91e2e0000 - 0x00007ff91e3eb000 	C:\WINDOWS\System32\gdi32full.dll
0x00007ff91e240000 - 0x00007ff91e2dd000 	C:\WINDOWS\System32\msvcp_win.dll
0x00007ff920480000 - 0x00007ff9204b0000 	C:\WINDOWS\System32\IMM32.DLL
0x00007ff901f70000 - 0x00007ff90200b000 	D:\Software\SDK 14.01\bin\msvcp140.dll
0x00007ff8f1130000 - 0x00007ff8f1c4e000 	D:\Software\SDK 14.01\bin\server\jvm.dll
0x00007ff920360000 - 0x00007ff92040c000 	C:\WINDOWS\System32\ADVAPI32.dll
0x00007ff920000000 - 0x00007ff92009c000 	C:\WINDOWS\System32\sechost.dll
0x00007ff91eb80000 - 0x00007ff91ecab000 	C:\WINDOWS\System32\RPCRT4.dll
0x00007ff9206c0000 - 0x00007ff9206c8000 	C:\WINDOWS\System32\PSAPI.DLL
0x00007ff90cc50000 - 0x00007ff90cc77000 	C:\WINDOWS\SYSTEM32\WINMM.dll
0x00007ff918e70000 - 0x00007ff918e79000 	C:\WINDOWS\SYSTEM32\WSOCK32.dll
0x00007ff917fc0000 - 0x00007ff917fca000 	C:\WINDOWS\SYSTEM32\VERSION.dll
0x00007ff920410000 - 0x00007ff92047b000 	C:\WINDOWS\System32\WS2_32.dll
0x00007ff91be10000 - 0x00007ff91be22000 	C:\WINDOWS\SYSTEM32\kernel.appcore.dll
0x00007ff919b30000 - 0x00007ff919b3a000 	D:\Software\SDK 14.01\bin\jimage.dll
0x00007ff908580000 - 0x00007ff908764000 	C:\WINDOWS\SYSTEM32\DBGHELP.DLL
0x00007ff908420000 - 0x00007ff90844c000 	C:\WINDOWS\SYSTEM32\dbgcore.DLL
0x00007ff91e420000 - 0x00007ff91e4a0000 	C:\WINDOWS\System32\bcryptPrimitives.dll
0x00007ff919b90000 - 0x00007ff919b9e000 	D:\Software\SDK 14.01\bin\instrument.dll
0x00007ff9195b0000 - 0x00007ff9195d5000 	D:\Software\SDK 14.01\bin\java.dll
0x00007ff902720000 - 0x00007ff902736000 	D:\Software\SDK 14.01\bin\zip.dll

dbghelp: loaded successfully - version: 4.0.5 - missing functions: none
symbol engine: initialized successfully - sym options: 0x614 - pdb path: .;D:\Software\SDK 14.01\bin;C:\WINDOWS\SYSTEM32;C:\WINDOWS\WinSxS\amd64_microsoft.windows.common-controls_6595b64144ccf1df_6.0.19041.844_none_ca00b6081b84eb1d;D:\Software\SDK 14.01\bin\server

VM Arguments:
jvm_args: -javaagent:D:\Software\IntelliJ IDEA Community Edition 2020.1.2\lib\idea_rt.jar=51397:D:\Software\IntelliJ IDEA Community Edition 2020.1.2\bin -Dfile.encoding=UTF-8 
java_command: MainMVC
java_class_path (initial): D:\DZ\Java\out\production\Java_lab
Launcher Type: SUN_STANDARD

[Global flags]
     intx CICompilerCount                          = 12                                        {product} {ergonomic}
     uint ConcGCThreads                            = 3                                         {product} {ergonomic}
     uint G1ConcRefinementThreads                  = 13                                        {product} {ergonomic}
   size_t G1HeapRegionSize                         = 1048576                                   {product} {ergonomic}
    uintx GCDrainStackTargetSize                   = 64                                        {product} {ergonomic}
   size_t InitialHeapSize                          = 268435456                                 {product} {ergonomic}
   size_t MarkStackSize                            = 4194304                                   {product} {ergonomic}
   size_t MaxHeapSize                              = 4273995776                                {product} {ergonomic}
   size_t MinHeapDeltaBytes                        = 1048576                                   {product} {ergonomic}
   size_t MinHeapSize                              = 8388608                                   {product} {ergonomic}
    uintx NonNMethodCodeHeapSize                   = 7602480                                {pd product} {ergonomic}
    uintx NonProfiledCodeHeapSize                  = 122027880                              {pd product} {ergonomic}
    uintx ProfiledCodeHeapSize                     = 122027880                              {pd product} {ergonomic}
    uintx ReservedCodeCacheSize                    = 251658240                              {pd product} {ergonomic}
     bool SegmentedCodeCache                       = true                                      {product} {ergonomic}
   size_t SoftMaxHeapSize                          = 4273995776                             {manageable} {ergonomic}
     bool UseCompressedClassPointers               = true                                 {lp64_product} {ergonomic}
     bool UseCompressedOops                        = true                                 {lp64_product} {ergonomic}
     bool UseG1GC                                  = true                                      {product} {ergonomic}
     bool UseLargePagesIndividualAllocation        = false                                  {pd product} {ergonomic}

Logging:
Log output configuration:
 #0: stdout all=warning uptime,level,tags
 #1: stderr all=off uptime,level,tags

Environment Variables:
PATH=C:\Program Files (x86)\Common Files\Oracle\Java\javapath;C:\ProgramData\Oracle\Java\javapath;C:\Windows\system32;C:\Windows;C:\Windows\System32\Wbem;C:\Windows\System32\WindowsPowerShell\v1.0\;C:\Windows\System32\OpenSSH\;C:\WINDOWS\system32;C:\WINDOWS;C:\WINDOWS\System32\Wbem;C:\WINDOWS\System32\WindowsPowerShell\v1.0\;C:\WINDOWS\System32\OpenSSH\;C:\Program Files\NVIDIA Corporation\NVIDIA NvDLISR;D:\Software\Brackets\command;C:\Program Files (x86)\Microsoft SQL Server\150\DTS\Binn\;C:\Program Files\Microsoft SQL Server\150\DTS\Binn\;C:\Program Files\Microsoft SQL Server\Client SDK\ODBC\170\Tools\Binn\;C:\Program Files (x86)\Microsoft SQL Server\150\Tools\Binn\;C:\Program Files\Microsoft SQL Server\150\Tools\Binn\;C:\Program Files (x86)\NVIDIA Corporation\PhysX\Common;D:\Software\Python 3.8.5\Scripts\;D:\Software\Python 3.8.5\;C:\Users\Admin\AppData\Local\Microsoft\WindowsApps;;D:\Software\Microsoft VS Code\bin
USERNAME=Admin
OS=Windows_NT
PROCESSOR_IDENTIFIER=Intel64 Family 6 Model 45 Stepping 7, GenuineIntel



---------------  S Y S T E M  ---------------

OS: Windows 10 , 64 bit Build 19041 (10.0.19041.804)
OS uptime: 0 days 3:33 hours

CPU:total 16 (initial active 16) (8 cores per cpu, 2 threads per core) family 6 model 45 stepping 7, cmov, cx8, fxsr, mmx, sse, sse2, sse3, ssse3, sse4.1, sse4.2, popcnt, avx, aes, clmul, ht, tsc, tscinvbit, tscinv

Memory: 4k page, system-wide physical 16303M (4518M free)
TotalPageFile size 16303M (AvailPageFile size 25M)
current process WorkingSet (physical memory assigned to process): 10M, peak: 10M
current process commit charge ("private bytes"): 71M, peak: 327M

vm_info: OpenJDK 64-Bit Server VM (14.0.1+7) for windows-amd64 JRE (14.0.1+7), built on Mar  5 2020 10:30:04 by "mach5one" with MS VC++ 15.9 (VS2017)

END.
